<?xml version="1.0" encoding="UTF-8"?>
<testng-results ignored="0" total="1" passed="1" failed="0" skipped="0">
  <reporter-output>
  </reporter-output>
  <suite started-at="2020-06-23T00:58:04 EDT" name="Suite" finished-at="2020-06-23T00:58:47 EDT" duration-ms="42812">
    <groups>
      <group name="cucumber">
        <method signature="AbstractTestNGCucumberTests.feature(cucumber.api.testng.CucumberFeatureWrapper)[pri:0, instance:CucumberOptions.TestRunner@6a78afa0]" name="feature" class="cucumber.api.testng.AbstractTestNGCucumberTests"/>
      </group> <!-- cucumber -->
    </groups>
    <test started-at="2020-06-23T00:58:04 EDT" name="Validating user login" finished-at="2020-06-23T00:58:47 EDT" duration-ms="42812">
      <class name="CucumberOptions.TestRunner">
        <test-method is-config="true" signature="setUpClass()[pri:0, instance:CucumberOptions.TestRunner@6a78afa0]" started-at="2020-06-23T00:58:04 EDT" name="setUpClass" finished-at="2020-06-23T00:58:05 EDT" duration-ms="187" status="PASS">
          <reporter-output>
          </reporter-output>
        </test-method> <!-- setUpClass -->
        <test-method signature="feature(cucumber.api.testng.CucumberFeatureWrapper)[pri:0, instance:CucumberOptions.TestRunner@6a78afa0]" started-at="2020-06-23T00:58:05 EDT" name="feature" description="Runs Cucumber Feature" data-provider="features" finished-at="2020-06-23T00:58:47 EDT" duration-ms="42516" status="PASS">
          <params>
            <param index="0">
              <value>
                <![CDATA[Login into Application]]>
              </value>
            </param>
          </params>
          <reporter-output>
          </reporter-output>
        </test-method> <!-- feature -->
        <test-method is-config="true" signature="tearDownClass()[pri:0, instance:CucumberOptions.TestRunner@6a78afa0]" started-at="2020-06-23T00:58:47 EDT" name="tearDownClass" finished-at="2020-06-23T00:58:47 EDT" duration-ms="0" status="PASS">
          <reporter-output>
          </reporter-output>
        </test-method> <!-- tearDownClass -->
      </class> <!-- CucumberOptions.TestRunner -->
    </test> <!-- Validating user login -->
  </suite> <!-- Suite -->
</testng-results>
