<?xml version="1.0" encoding="UTF-8"?>
<!-- Generated by org.testng.reporters.JUnitXMLReporter -->
<testsuite ignored="0" hostname="LAPTOP-BQK2FOOD" failures="1" tests="2" name="Validating Title in the page" time="30.783" errors="0" timestamp="2020-06-06T00:19:11 EDT">
  <testcase classname="Academy.ValidateTitle" name="validateTitle" time="0.714">
    <failure type="java.lang.AssertionError" message="expected [FEATURED COURSE] but found [FEATURED COURSES]">
      <![CDATA[java.lang.AssertionError: expected [FEATURED COURSE] but found [FEATURED COURSES]
at Academy.ValidateTitle.validateTitle(ValidateTitle.java:40)
at java.base/java.util.ArrayList.forEach(ArrayList.java:1507)
at java.base/java.util.concurrent.FutureTask.run(FutureTask.java:264)
at java.base/java.util.concurrent.ThreadPoolExecutor.runWorker(ThreadPoolExecutor.java:1128)
at java.base/java.util.concurrent.ThreadPoolExecutor$Worker.run(ThreadPoolExecutor.java:628)
at java.base/java.lang.Thread.run(Thread.java:830)
... Removed 23 stack frames]]>
    </failure>
  </testcase> <!-- validateTitle -->
  <testcase classname="Academy.HomePage" name="validateLogin" time="30.041"/>
</testsuite> <!-- Validating Title in the page -->
